SF:lib/models/song.dart
DA:26,8
DA:36,6
DA:37,6
DA:38,12
DA:43,4
DA:44,8
LF:6
LH:6
end_of_record
SF:lib/models/song.g.dart
DA:13,1
DA:15,1
DA:16,1
DA:17,5
DA:19,1
DA:20,1
DA:21,1
DA:22,1
DA:23,1
DA:24,1
DA:25,1
DA:29,4
DA:32,4
DA:33,4
DA:34,8
DA:35,4
DA:36,8
DA:37,4
DA:38,8
DA:39,4
DA:40,8
DA:41,4
DA:42,8
DA:43,4
DA:44,8
DA:47,0
DA:48,0
DA:50,0
DA:53,0
DA:54,0
DA:55,0
LF:31
LH:25
end_of_record
SF:lib/data/song_database.dart
DA:9,6
DA:11,12
DA:12,18
DA:16,12
DA:20,0
DA:22,0
DA:24,0
DA:28,4
DA:30,0
DA:35,24
DA:37,4
DA:42,4
DA:44,0
DA:47,8
DA:48,4
DA:53,0
DA:55,0
DA:59,0
DA:60,0
DA:61,0
DA:66,0
DA:68,0
DA:72,0
DA:73,0
DA:74,0
DA:79,6
DA:81,0
DA:84,6
DA:88,4
DA:90,0
DA:93,8
DA:97,0
DA:99,0
DA:103,0
DA:110,0
DA:112,0
LF:36
LH:14
end_of_record
SF:lib/providers/songs.dart
DA:11,0
DA:12,0
DA:13,0
DA:14,0
DA:15,0
DA:19,3
DA:20,15
DA:23,4
DA:24,8
DA:28,0
DA:30,0
DA:31,0
DA:32,0
DA:33,0
DA:36,0
DA:38,0
DA:43,0
DA:45,0
DA:47,0
DA:49,0
DA:51,0
DA:57,0
DA:58,0
DA:60,0
DA:62,0
DA:68,0
DA:71,0
DA:74,0
DA:76,0
DA:78,0
DA:82,4
DA:83,4
DA:85,4
DA:87,4
DA:88,4
DA:90,8
DA:91,8
DA:92,8
DA:95,4
DA:96,4
DA:101,4
DA:102,8
DA:107,4
DA:108,4
DA:109,4
DA:112,8
DA:114,4
DA:116,0
DA:121,6
DA:125,5
DA:128,15
DA:131,0
DA:132,0
DA:135,0
DA:139,0
DA:140,0
DA:144,0
DA:145,0
DA:147,20
DA:148,15
DA:150,5
DA:151,5
LF:62
LH:28
end_of_record
SF:lib/pages/song_page.dart
DA:15,1
DA:17,3
DA:18,3
DA:31,3
DA:33,3
DA:35,0
DA:36,0
DA:42,2
DA:43,2
DA:46,2
DA:47,2
DA:49,0
DA:54,2
DA:55,2
DA:56,2
DA:58,1
DA:59,1
DA:66,1
DA:67,1
DA:68,0
DA:69,0
DA:70,0
DA:73,0
DA:74,0
DA:77,0
DA:78,0
DA:89,1
DA:90,1
DA:92,1
DA:93,1
DA:94,1
DA:95,1
DA:97,1
DA:98,1
DA:101,1
DA:102,3
DA:103,3
DA:104,3
DA:105,4
DA:106,3
DA:107,2
DA:108,1
DA:109,2
DA:113,1
DA:114,1
DA:115,3
DA:124,1
DA:125,1
DA:127,1
DA:129,1
DA:130,1
DA:132,1
DA:133,1
DA:134,5
DA:139,1
DA:140,1
DA:142,4
DA:150,1
DA:153,3
DA:154,3
DA:155,3
DA:157,2
DA:158,2
DA:160,1
DA:164,1
DA:165,2
DA:168,3
DA:169,1
DA:170,1
DA:171,1
DA:174,0
DA:180,1
DA:181,2
DA:182,0
DA:183,0
DA:184,0
DA:186,0
DA:189,2
DA:190,10
DA:192,2
DA:193,2
DA:194,10
DA:195,2
DA:197,2
DA:199,0
DA:201,0
DA:202,0
DA:208,2
DA:209,6
DA:210,2
DA:211,6
DA:212,2
DA:213,2
DA:214,10
DA:215,2
DA:222,2
DA:223,2
DA:224,2
DA:225,10
DA:226,2
DA:228,2
DA:230,4
DA:231,8
DA:236,3
DA:238,6
DA:242,6
DA:243,3
DA:246,6
DA:248,9
DA:249,3
DA:250,3
DA:253,3
DA:256,3
DA:257,3
DA:259,6
DA:260,3
DA:264,12
DA:266,4
DA:267,2
DA:268,4
DA:269,2
DA:270,2
DA:273,2
DA:274,6
DA:275,2
DA:276,2
DA:283,0
DA:284,0
DA:285,0
DA:286,0
DA:292,3
DA:294,6
DA:295,3
DA:298,3
DA:300,12
DA:301,6
DA:304,3
DA:305,2
DA:306,6
DA:307,2
DA:309,2
DA:310,2
DA:311,2
DA:330,2
DA:331,2
DA:332,6
DA:333,2
DA:334,4
DA:335,2
DA:336,2
DA:337,2
DA:356,2
DA:357,2
DA:358,6
DA:359,2
DA:360,4
DA:361,2
DA:362,2
DA:363,2
DA:368,2
DA:369,2
DA:371,2
DA:372,2
DA:375,6
DA:378,2
DA:380,6
DA:388,2
DA:389,0
DA:390,0
DA:392,0
DA:393,0
DA:395,0
DA:396,0
DA:408,6
DA:409,2
DA:410,10
DA:411,2
DA:412,4
DA:413,2
DA:419,2
DA:420,6
DA:421,2
DA:422,4
DA:423,2
DA:424,2
DA:425,2
DA:430,2
DA:431,2
DA:432,2
DA:435,2
DA:436,6
DA:437,8
DA:441,2
DA:443,2
DA:444,2
DA:446,2
DA:447,2
DA:448,2
DA:450,2
DA:451,2
DA:452,2
DA:453,6
DA:454,2
DA:455,4
DA:456,4
DA:457,2
DA:458,2
DA:459,2
DA:460,2
DA:461,2
DA:467,2
DA:468,2
DA:469,2
DA:478,2
DA:480,2
DA:481,4
DA:482,4
LF:217
LH:189
end_of_record
SF:lib/utils/duration_formatter.dart
DA:8,4
DA:11,4
DA:12,4
DA:13,8
DA:14,4
DA:16,4
DA:18,15
DA:21,12
DA:31,1
DA:33,2
LF:10
LH:10
end_of_record
SF:lib/pages/widgets/appbar.dart
DA:4,3
DA:9,3
DA:12,3
DA:14,6
DA:16,3
DA:19,3
DA:20,3
DA:21,3
DA:23,3
DA:24,3
DA:25,3
DA:26,3
DA:31,3
LF:13
LH:13
end_of_record
SF:lib/pages/widgets/controls.dart
DA:10,3
DA:12,3
DA:13,3
DA:26,3
DA:28,3
DA:29,3
DA:32,3
DA:34,3
DA:35,6
DA:36,6
DA:37,6
DA:38,3
DA:41,3
DA:42,6
DA:45,12
DA:46,0
DA:47,0
DA:48,0
DA:54,12
DA:55,0
DA:56,0
DA:57,0
DA:63,9
DA:64,0
DA:65,0
DA:66,0
DA:67,0
DA:73,1
DA:74,3
DA:77,1
DA:78,0
DA:80,2
DA:82,5
DA:85,0
DA:89,0
DA:93,0
DA:94,0
DA:97,0
DA:99,0
DA:103,0
DA:104,0
DA:107,0
DA:108,0
DA:109,0
DA:112,0
DA:116,3
DA:117,3
DA:120,3
DA:122,3
DA:124,3
DA:125,3
DA:127,3
DA:128,3
DA:130,9
DA:132,3
DA:133,3
DA:134,6
DA:135,9
DA:136,9
DA:138,3
DA:140,9
DA:143,9
DA:145,3
DA:147,12
DA:148,0
DA:149,12
DA:150,9
DA:151,0
DA:152,0
DA:153,0
DA:157,3
DA:159,15
DA:160,0
DA:161,6
DA:165,3
DA:167,3
DA:168,3
DA:170,9
DA:171,0
DA:172,0
DA:176,3
DA:177,9
DA:179,3
DA:184,3
DA:185,3
DA:188,3
DA:192,3
DA:194,9
DA:195,0
DA:196,0
LF:90
LH:58
end_of_record
SF:lib/data/theme_database.dart
DA:9,1
DA:13,2
DA:17,1
DA:19,0
DA:22,1
DA:26,1
DA:28,0
DA:31,1
DA:35,1
DA:37,0
DA:40,1
DA:44,1
DA:46,0
DA:49,1
DA:53,1
DA:55,1
LF:16
LH:12
end_of_record
