SF:lib/models/song.dart
DA:26,8
DA:36,6
DA:37,6
DA:38,12
DA:43,4
DA:44,8
LF:6
LH:6
end_of_record
SF:lib/models/song.g.dart
DA:13,0
DA:15,0
DA:16,0
DA:17,0
DA:19,0
DA:20,0
DA:21,0
DA:22,0
DA:23,0
DA:24,0
DA:25,0
DA:29,0
DA:32,0
DA:33,0
DA:34,0
DA:35,0
DA:36,0
DA:37,0
DA:38,0
DA:39,0
DA:40,0
DA:41,0
DA:42,0
DA:43,0
DA:44,0
DA:47,0
DA:48,0
DA:50,0
DA:53,0
DA:54,0
DA:55,0
LF:31
LH:0
end_of_record
SF:lib/providers/songs.dart
DA:11,0
DA:12,0
DA:13,0
DA:14,0
DA:15,0
DA:19,0
DA:20,0
DA:23,3
DA:24,6
DA:28,0
DA:30,0
DA:31,0
DA:32,0
DA:33,0
DA:36,0
DA:38,0
DA:43,0
DA:45,0
DA:47,0
DA:49,0
DA:51,0
DA:57,0
DA:58,0
DA:60,0
DA:62,0
DA:68,0
DA:71,0
DA:74,0
DA:76,0
DA:78,0
DA:82,4
DA:83,4
DA:85,4
DA:87,4
DA:88,4
DA:90,8
DA:91,8
DA:92,8
DA:95,4
DA:96,0
DA:101,0
DA:102,0
DA:107,0
DA:108,0
DA:109,0
DA:112,0
DA:114,0
DA:116,0
DA:121,6
DA:125,1
DA:128,3
DA:131,0
DA:132,0
DA:136,0
DA:137,0
DA:141,0
DA:142,0
DA:144,4
DA:145,3
LF:59
LH:16
end_of_record
SF:lib/pages/song_page.dart
DA:15,3
DA:17,3
DA:18,3
DA:31,3
DA:33,3
DA:35,0
DA:36,0
DA:42,2
DA:43,2
DA:46,2
DA:47,2
DA:49,0
DA:54,2
DA:55,2
DA:56,2
DA:58,1
DA:59,1
DA:66,1
DA:67,1
DA:68,0
DA:69,0
DA:70,0
DA:73,0
DA:74,0
DA:77,0
DA:78,0
DA:89,1
DA:90,1
DA:92,1
DA:93,1
DA:94,1
DA:95,1
DA:97,1
DA:98,1
DA:101,1
DA:102,3
DA:103,3
DA:104,3
DA:105,4
DA:106,3
DA:107,2
DA:108,1
DA:109,2
DA:113,1
DA:114,1
DA:115,3
DA:124,1
DA:125,1
DA:127,1
DA:129,1
DA:130,1
DA:132,1
DA:133,1
DA:134,5
DA:139,1
DA:140,1
DA:142,4
DA:150,1
DA:153,3
DA:154,3
DA:155,3
DA:157,2
DA:158,2
DA:160,1
DA:164,1
DA:165,2
DA:168,3
DA:169,1
DA:170,1
DA:171,1
DA:174,0
DA:180,1
DA:181,2
DA:182,0
DA:183,0
DA:184,0
DA:185,0
DA:188,3
DA:190,6
DA:194,6
DA:195,3
DA:198,6
DA:200,9
DA:201,3
DA:202,3
DA:205,3
DA:208,3
DA:209,3
DA:211,6
DA:212,3
DA:216,12
DA:218,4
DA:219,2
DA:220,4
DA:221,2
DA:222,2
DA:225,2
DA:226,6
DA:227,2
DA:228,2
DA:235,0
DA:236,0
DA:237,0
DA:238,0
DA:244,3
DA:246,6
DA:247,3
DA:250,3
DA:252,12
DA:253,6
DA:256,3
DA:257,2
DA:258,6
DA:259,2
DA:261,2
DA:262,2
DA:263,2
DA:282,2
DA:283,2
DA:284,6
DA:285,2
DA:286,4
DA:287,2
DA:288,2
DA:289,2
DA:308,2
DA:309,2
DA:310,6
DA:311,2
DA:312,4
DA:313,2
DA:314,2
DA:315,2
DA:320,2
DA:321,2
DA:323,2
DA:324,2
DA:327,6
DA:330,2
DA:332,6
DA:340,2
DA:341,0
DA:342,0
DA:344,0
DA:345,0
DA:347,0
DA:348,0
DA:360,6
DA:361,2
DA:362,10
DA:363,2
DA:364,4
DA:365,2
DA:371,2
DA:372,6
DA:373,2
DA:374,4
DA:375,2
DA:376,2
DA:377,2
DA:382,2
DA:383,2
DA:384,2
DA:387,2
DA:388,6
DA:389,8
DA:393,2
DA:395,2
DA:396,2
DA:398,2
DA:399,2
DA:400,2
DA:402,2
DA:403,2
DA:404,2
DA:405,6
DA:406,2
DA:407,4
DA:408,4
DA:409,2
DA:410,2
DA:411,2
DA:412,2
DA:413,2
DA:419,2
DA:420,2
DA:421,4
DA:422,2
DA:423,2
DA:424,2
DA:425,2
DA:426,2
DA:427,2
DA:428,2
DA:430,2
DA:433,0
DA:435,0
DA:436,0
DA:437,0
DA:438,0
DA:441,2
DA:442,6
DA:443,2
DA:444,2
DA:445,2
DA:446,2
DA:447,2
DA:448,2
DA:449,2
DA:451,2
DA:453,4
DA:454,2
DA:455,2
DA:456,2
DA:459,6
DA:460,2
DA:461,2
DA:462,2
DA:463,2
DA:464,2
DA:465,2
DA:466,2
DA:480,2
DA:482,2
DA:483,4
DA:484,4
LF:226
LH:196
end_of_record
SF:lib/data/song_database.dart
DA:9,0
DA:11,0
DA:12,0
DA:16,0
DA:20,0
DA:22,0
DA:24,0
DA:28,0
DA:30,0
DA:35,0
DA:37,0
DA:42,0
DA:44,0
DA:47,0
DA:48,0
DA:53,0
DA:55,0
DA:59,0
DA:60,0
DA:61,0
DA:66,0
DA:68,0
DA:72,0
DA:73,0
DA:74,0
DA:79,0
DA:81,0
DA:84,0
DA:88,4
DA:90,4
DA:93,0
DA:97,0
DA:99,0
DA:103,0
DA:110,0
DA:112,0
LF:36
LH:2
end_of_record
SF:lib/pages/widgets/appbar.dart
DA:4,3
DA:9,3
DA:12,3
DA:14,6
DA:16,3
DA:19,3
DA:20,3
DA:21,3
DA:23,3
DA:24,3
DA:25,3
DA:26,3
DA:31,3
LF:13
LH:13
end_of_record
SF:lib/pages/widgets/controls.dart
DA:10,3
DA:12,3
DA:13,3
DA:26,3
DA:28,3
DA:29,3
DA:32,3
DA:34,3
DA:35,6
DA:36,6
DA:37,6
DA:38,3
DA:41,3
DA:42,6
DA:45,12
DA:46,0
DA:47,0
DA:48,0
DA:54,12
DA:55,0
DA:56,0
DA:57,0
DA:63,9
DA:64,0
DA:65,0
DA:66,0
DA:67,0
DA:73,1
DA:74,3
DA:77,0
DA:78,0
DA:80,0
DA:82,0
DA:85,0
DA:89,0
DA:93,0
DA:94,0
DA:97,0
DA:99,0
DA:103,0
DA:104,0
DA:107,0
DA:108,0
DA:109,0
DA:112,0
DA:116,3
DA:117,3
DA:120,3
DA:122,3
DA:124,3
DA:125,3
DA:127,3
DA:128,3
DA:130,9
DA:132,3
DA:133,3
DA:134,6
DA:135,9
DA:136,9
DA:138,3
DA:140,9
DA:143,9
DA:145,3
DA:147,12
DA:148,0
DA:149,12
DA:150,9
DA:151,0
DA:152,0
DA:153,0
DA:157,3
DA:159,15
DA:160,0
DA:161,6
DA:165,3
DA:167,3
DA:168,3
DA:170,9
DA:171,0
DA:172,0
DA:176,3
DA:177,9
DA:179,3
DA:184,3
DA:185,3
DA:188,3
DA:192,3
DA:194,9
DA:195,0
DA:196,0
LF:90
LH:55
end_of_record
SF:lib/utils/duration_formatter.dart
DA:8,4
DA:11,4
DA:12,4
DA:13,8
DA:14,4
DA:16,4
DA:18,10
DA:21,12
DA:31,1
DA:33,2
LF:10
LH:10
end_of_record
SF:lib/data/theme_database.dart
DA:9,1
DA:13,2
DA:17,0
DA:19,0
DA:22,0
DA:26,0
DA:28,0
DA:31,0
DA:35,0
DA:37,0
DA:40,0
DA:44,0
DA:46,0
DA:49,0
DA:53,1
DA:55,0
LF:16
LH:3
end_of_record
